app/build/intermediates/manifest_merge_blame_file/debug/processDebugMainManifest/manifest-merger-blame-debug-report.txt
1<?xml version="1.0" encoding="utf-8"?>
2<manifest xmlns:android="http://schemas.android.com/apk/res/android"
3    package="edu.upb.lp.genericgame" >
4
5    <uses-sdk
5-->src\main\AndroidManifest.xml:5:5-17
6        android:minSdkVersion="21"
7        android:targetSdkVersion="34" />
8
9    <application
9-->src\main\AndroidManifest.xml:7:5-21:19
10        android:allowBackup="true"
10-->src\main\AndroidManifest.xml:10:9-35
11        android:debuggable="true"
12        android:extractNativeLibs="true"
13        android:icon="@drawable/ic_launcher"
13-->src\main\AndroidManifest.xml:9:9-45
14        android:label="@string/app_name"
14-->src\main\AndroidManifest.xml:8:9-41
15        android:testOnly="true" >
16        <activity
16-->src\main\AndroidManifest.xml:11:9-20:20
17            android:name="edu.upb.lp.androidInternalFiles.AndroidGameActivity"
17-->src\main\AndroidManifest.xml:12:13-79
18            android:exported="true"
18-->src\main\AndroidManifest.xml:14:13-36
19            android:label="@string/app_name" >
19-->src\main\AndroidManifest.xml:13:13-45
20            <intent-filter>
20-->src\main\AndroidManifest.xml:15:13-19:29
21                <action android:name="android.intent.action.MAIN" />
21-->src\main\AndroidManifest.xml:16:17-69
21-->src\main\AndroidManifest.xml:16:25-66
22
23                <category android:name="android.intent.category.LAUNCHER" />
23-->src\main\AndroidManifest.xml:18:17-77
23-->src\main\AndroidManifest.xml:18:27-74
24            </intent-filter>
25        </activity>
26    </application>
27
28</manifest>